Using pre-set license
Built from '2020.3/staging' branch; Version is '2020.3.18f1 (a7d1c678663c) revision 10998214'; Using compiler version '192528614'; Build Type 'Release'
OS: 'Windows 10 Home Single Language; OS build 19043.1288; Version 2009; 64bit' Language: 'en' Physical Memory: 20399 MB
BatchMode: 1, IsHumanControllingUs: 0, StartBugReporterOnCrash: 0, Is64bit: 1, IsPro: 0

COMMAND LINE ARGUMENTS:
D:\Program Files\Unity\2020.3.18f1\Editor\Unity.exe
-adb2
-batchMode
-noUpm
-name
AssetImportWorker1
-projectPath
D:/Users/Christian/Documents/GitHub/Tales-of-Ibong-Adarna
-logFile
Logs/AssetImportWorker1.log
-srvPort
61748
Successfully changed project path to: D:/Users/Christian/Documents/GitHub/Tales-of-Ibong-Adarna
D:/Users/Christian/Documents/GitHub/Tales-of-Ibong-Adarna
Using Asset Import Pipeline V2.
Refreshing native plugins compatible for Editor in 789.42 ms, found 2 plugins.
Preloading 0 native plugins for Editor in 0.00 ms.
Initialize engine version: 2020.3.18f1 (a7d1c678663c)
[Subsystems] Discovering subsystems at path D:/Program Files/Unity/2020.3.18f1/Editor/Data/Resources/UnitySubsystems
[Subsystems] Discovering subsystems at path D:/Users/Christian/Documents/GitHub/Tales-of-Ibong-Adarna/Assets
GfxDevice: creating device client; threaded=0
d3d12: loaded!
Direct3D:
    Version:         Direct3D 12 [level 12.1]
    Renderer:        NVIDIA GeForce GTX 1050 (ID=0x1c8d)
    Vendor:          
    VRAM:            4021 MB
    App VRAM Budget: 3417 MB
    Driver:          30.0.14.7111
d3d12: Profiler is enabled, but stable power state is not. GPU timing errors are expected.
Initialize mono
Mono path[0] = 'D:/Program Files/Unity/2020.3.18f1/Editor/Data/Managed'
Mono path[1] = 'D:/Program Files/Unity/2020.3.18f1/Editor/Data/MonoBleedingEdge/lib/mono/unityjit'
Mono config path = 'D:/Program Files/Unity/2020.3.18f1/Editor/Data/MonoBleedingEdge/etc'
Using monoOptions --debugger-agent=transport=dt_socket,embedding=1,server=y,suspend=n,address=127.0.0.1:56876
Begin MonoManager ReloadAssembly
Registering precompiled unity dll's ...
Register platform support module: D:/Program Files/Unity/2020.3.18f1/Editor/Data/PlaybackEngines/WindowsStandaloneSupport/UnityEditor.WindowsStandalone.Extensions.dll
Registered in 0.003027 seconds.
Native extension for WindowsStandalone target not found
Refreshing native plugins compatible for Editor in 419.75 ms, found 2 plugins.
Preloading 0 native plugins for Editor in 0.00 ms.
Mono: successfully reloaded assembly
- Completed reload, in  3.947 seconds
Domain Reload Profiling:
	ReloadAssembly (3948ms)
		BeginReloadAssembly (179ms)
			ExecutionOrderSort (0ms)
			DisableScriptedObjects (0ms)
			BackupInstance (0ms)
			ReleaseScriptingObjects (0ms)
			CreateAndSetChildDomain (4ms)
		EndReloadAssembly (2147ms)
			LoadAssemblies (175ms)
			RebuildTransferFunctionScriptingTraits (0ms)
			SetupTypeCache (612ms)
			ReleaseScriptCaches (0ms)
			RebuildScriptCaches (120ms)
			SetupLoadedEditorAssemblies (1182ms)
				LogAssemblyErrors (0ms)
				InitializePlatformSupportModulesInManaged (15ms)
				SetLoadedEditorAssemblies (1ms)
				RefreshPlugins (420ms)
				BeforeProcessingInitializeOnLoad (74ms)
				ProcessInitializeOnLoadAttributes (522ms)
				ProcessInitializeOnLoadMethodAttributes (150ms)
				AfterProcessingInitializeOnLoad (0ms)
				EditorAssembliesLoaded (1ms)
			ExecutionOrderSort2 (0ms)
			AwakeInstancesAfterBackupRestoration (0ms)
Platform modules already initialized, skipping
Registering precompiled user dll's ...
Registered in 0.012155 seconds.
Begin MonoManager ReloadAssembly
Native extension for WindowsStandalone target not found
Refreshing native plugins compatible for Editor in 554.63 ms, found 2 plugins.
Preloading 0 native plugins for Editor in 0.00 ms.
Mono: successfully reloaded assembly
- Completed reload, in  9.081 seconds
Domain Reload Profiling:
	ReloadAssembly (9084ms)
		BeginReloadAssembly (701ms)
			ExecutionOrderSort (0ms)
			DisableScriptedObjects (26ms)
			BackupInstance (0ms)
			ReleaseScriptingObjects (0ms)
			CreateAndSetChildDomain (69ms)
		EndReloadAssembly (7990ms)
			LoadAssemblies (541ms)
			RebuildTransferFunctionScriptingTraits (0ms)
			SetupTypeCache (2409ms)
			ReleaseScriptCaches (2ms)
			RebuildScriptCaches (730ms)
			SetupLoadedEditorAssemblies (3045ms)
				LogAssemblyErrors (0ms)
				InitializePlatformSupportModulesInManaged (30ms)
				SetLoadedEditorAssemblies (2ms)
				RefreshPlugins (555ms)
				BeforeProcessingInitializeOnLoad (570ms)
				ProcessInitializeOnLoadAttributes (1174ms)
				ProcessInitializeOnLoadMethodAttributes (681ms)
				AfterProcessingInitializeOnLoad (31ms)
				EditorAssembliesLoaded (2ms)
			ExecutionOrderSort2 (0ms)
			AwakeInstancesAfterBackupRestoration (46ms)
Platform modules already initialized, skipping
========================================================================
Worker process is ready to serve import requests
Launched and connected shader compiler UnityShaderCompiler.exe after 0.16 seconds
Refreshing native plugins compatible for Editor in 4.47 ms, found 2 plugins.
Preloading 0 native plugins for Editor in 0.00 ms.
Unloading 4110 Unused Serialized files (Serialized files now loaded: 0)
System memory in use before: 234.8 MB.
System memory in use after: 235.1 MB.

Unloading 22 unused Assets to reduce memory usage. Loaded Objects now: 4587.
Total: 17.845600 ms (FindLiveObjects: 1.652000 ms CreateObjectMapping: 0.687100 ms MarkObjects: 15.408100 ms  DeleteObjects: 0.094600 ms)

AssetImportParameters requested are different than current active one (requested -> active):
  custom:framework-win-MediaFoundation: 216162199b28c13a410421893ffa2e32 -> 
  custom:video-decoder-ogg-theora: a1e56fd34408186e4bbccfd4996cb3dc -> 
  custom:container-muxer-webm: aa71ff27fc2769a1b78a27578f13a17b -> 
  custom:container-demuxer-webm: 4f35f7cbe854078d1ac9338744f61a02 -> 
  custom:container-demuxer-ogg: 62fdf1f143b41e24485cea50d1cbac27 -> 
  custom:video-encoder-webm-vp8: eb34c28f22e8b96e1ab97ce403110664 -> 
  custom:video-decoder-webm-vp8: 9c59270c3fd7afecdb556c50c9e8de78 -> 
  custom:audio-decoder-ogg-vorbis: bf7c407c2cedff20999df2af8eb42d56 -> 
  custom:audio-encoder-webm-vorbis: bf7c407c2cedff20999df2af8eb42d56 -> 
========================================================================
Received Import Request.
  path: Assets/Characters/TestCharacter/Anim/Walk
  artifactKey: Guid(0cc72f6b4fceac043983e4fc81e619c0) Importer(815301076,1909f56bfc062723c751e8b465ee728b)
Start importing Assets/Characters/TestCharacter/Anim/Walk using Guid(0cc72f6b4fceac043983e4fc81e619c0) Importer(815301076,1909f56bfc062723c751e8b465ee728b)  -> (artifact id: 'a6b793abfd85fe638d2bb5bd7e83b16b') in 0.042996 seconds 
  Import took 0.069751 seconds .

========================================================================
Received Import Request.
  Time since last request: 268.777742 seconds.
  path: Assets/Characters/Don Juan/DonJuan.prefab
  artifactKey: Guid(b30c7baf10b5887418e9d691e427b30d) Importer(815301076,1909f56bfc062723c751e8b465ee728b)
Start importing Assets/Characters/Don Juan/DonJuan.prefab using Guid(b30c7baf10b5887418e9d691e427b30d) Importer(815301076,1909f56bfc062723c751e8b465ee728b) Launched and connected shader compiler UnityShaderCompiler.exe after 0.18 seconds
Launched and connected shader compiler UnityShaderCompiler.exe after 0.21 seconds
Launched and connected shader compiler UnityShaderCompiler.exe after 0.17 seconds
Launched and connected shader compiler UnityShaderCompiler.exe after 0.26 seconds
Launched and connected shader compiler UnityShaderCompiler.exe after 0.24 seconds
Launched and connected shader compiler UnityShaderCompiler.exe after 0.33 seconds
Launched and connected shader compiler UnityShaderCompiler.exe after 0.25 seconds
 -> (artifact id: 'eb4390fdfa0904b8e3427f264f3a25a3') in 11.368908 seconds 
  Import took 11.428458 seconds .

========================================================================
Received Import Request.
  Time since last request: 48.918084 seconds.
  path: Assets/Characters/Don Juan/Anim/Animation/Walk.anim
  artifactKey: Guid(7b8c4e489e8307441b4683d6959c7262) Importer(815301076,1909f56bfc062723c751e8b465ee728b)
Start importing Assets/Characters/Don Juan/Anim/Animation/Walk.anim using Guid(7b8c4e489e8307441b4683d6959c7262) Importer(815301076,1909f56bfc062723c751e8b465ee728b)  -> (artifact id: 'c2ef69a0cc197196424cae53779585ec') in 0.030232 seconds 
  Import took 0.066218 seconds .

========================================================================
Received Import Request.
  Time since last request: 26.804816 seconds.
  path: Assets/AstarPathfindingProject/ExampleScenes/Example6_Navmesh/example6.fbx
  artifactKey: Guid(7fdfb9a3e0fdf4df880ebc7fa5f56398) Importer(815301076,1909f56bfc062723c751e8b465ee728b)
Start importing Assets/AstarPathfindingProject/ExampleScenes/Example6_Navmesh/example6.fbx using Guid(7fdfb9a3e0fdf4df880ebc7fa5f56398) Importer(815301076,1909f56bfc062723c751e8b465ee728b)  -> (artifact id: '141db452856ff6ae0458befe1fbabd78') in 0.760022 seconds 
  Import took 0.788283 seconds .

========================================================================
Received Import Request.
  Time since last request: 35.620380 seconds.
  path: Assets/Characters/Don Juan/Anim/Animation/Damage.anim
  artifactKey: Guid(bbb87bfeebfb3a941b8628a9c1daf283) Importer(815301076,1909f56bfc062723c751e8b465ee728b)
Start importing Assets/Characters/Don Juan/Anim/Animation/Damage.anim using Guid(bbb87bfeebfb3a941b8628a9c1daf283) Importer(815301076,1909f56bfc062723c751e8b465ee728b)  -> (artifact id: '487c23cf8b233c3cc9cd51d67ed95460') in 0.062599 seconds 
  Import took 0.154581 seconds .

========================================================================
Received Import Request.
  Time since last request: 0.003370 seconds.
  path: Assets/Characters/Don Juan/Anim/Animation/Damage.anim
  artifactKey: Guid(bbb87bfeebfb3a941b8628a9c1daf283) Importer(815301076,1909f56bfc062723c751e8b465ee728b)
Start importing Assets/Characters/Don Juan/Anim/Animation/Damage.anim using Guid(bbb87bfeebfb3a941b8628a9c1daf283) Importer(815301076,1909f56bfc062723c751e8b465ee728b)  -> (artifact id: '487c23cf8b233c3cc9cd51d67ed95460') in 0.007379 seconds 
  Import took 0.067811 seconds .

========================================================================
Received Import Request.
  Time since last request: 152.960363 seconds.
  path: Assets/Characters/Don Juan/Anim/Animation/Attack.anim
  artifactKey: Guid(37e9bb0884a10a64fbf4535bfc4d712c) Importer(815301076,1909f56bfc062723c751e8b465ee728b)
Start importing Assets/Characters/Don Juan/Anim/Animation/Attack.anim using Guid(37e9bb0884a10a64fbf4535bfc4d712c) Importer(815301076,1909f56bfc062723c751e8b465ee728b)  -> (artifact id: 'f6aa9119bf3b439c6c2cb8fcb5a1f85a') in 0.041230 seconds 
  Import took 0.085350 seconds .

========================================================================
Received Import Request.
  Time since last request: 148.556454 seconds.
  path: Assets/Characters/Don Juan/Anim/Animation/WeaponA.anim
  artifactKey: Guid(0b776f15cafbadc4ba73cb5cf81440c7) Importer(815301076,1909f56bfc062723c751e8b465ee728b)
Start importing Assets/Characters/Don Juan/Anim/Animation/WeaponA.anim using Guid(0b776f15cafbadc4ba73cb5cf81440c7) Importer(815301076,1909f56bfc062723c751e8b465ee728b)  -> (artifact id: '3c902aa0e84852e0081cc1560875c3ce') in 0.036031 seconds 
  Import took 0.076716 seconds .

========================================================================
Received Import Request.
  Time since last request: 250.477438 seconds.
  path: Assets/Characters/Don Juan/Anim/Animation/Walk.anim
  artifactKey: Guid(7b8c4e489e8307441b4683d6959c7262) Importer(815301076,1909f56bfc062723c751e8b465ee728b)
Start importing Assets/Characters/Don Juan/Anim/Animation/Walk.anim using Guid(7b8c4e489e8307441b4683d6959c7262) Importer(815301076,1909f56bfc062723c751e8b465ee728b)  -> (artifact id: '160a3ab5f008e4d75895d2e8b9173260') in 0.010985 seconds 
  Import took 0.039550 seconds .

========================================================================
Received Import Request.
  Time since last request: 0.047279 seconds.
  path: Assets/Characters/Don Juan/Anim/Animation/Walk.anim
  artifactKey: Guid(7b8c4e489e8307441b4683d6959c7262) Importer(815301076,1909f56bfc062723c751e8b465ee728b)
Start importing Assets/Characters/Don Juan/Anim/Animation/Walk.anim using Guid(7b8c4e489e8307441b4683d6959c7262) Importer(815301076,1909f56bfc062723c751e8b465ee728b)  -> (artifact id: '160a3ab5f008e4d75895d2e8b9173260') in 0.010899 seconds 
  Import took 0.042627 seconds .

========================================================================
Received Import Request.
  Time since last request: 3.271442 seconds.
  path: Assets/Characters/Don Juan/Anim/Animation/WeaponA.anim
  artifactKey: Guid(0b776f15cafbadc4ba73cb5cf81440c7) Importer(815301076,1909f56bfc062723c751e8b465ee728b)
Start importing Assets/Characters/Don Juan/Anim/Animation/WeaponA.anim using Guid(0b776f15cafbadc4ba73cb5cf81440c7) Importer(815301076,1909f56bfc062723c751e8b465ee728b)  -> (artifact id: '0fa22d828fa7099f6041cd7aff6a4f98') in 0.011387 seconds 
  Import took 0.048710 seconds .

========================================================================
Received Import Request.
  Time since last request: 6.809996 seconds.
  path: Assets/Characters/Don Juan/Anim/Animation/Wapon.controller
  artifactKey: Guid(8beb9d88c8ecb97438659344634afa55) Importer(815301076,1909f56bfc062723c751e8b465ee728b)
Start importing Assets/Characters/Don Juan/Anim/Animation/Wapon.controller using Guid(8beb9d88c8ecb97438659344634afa55) Importer(815301076,1909f56bfc062723c751e8b465ee728b)  -> (artifact id: '783a58778a1a5708f30572409f101321') in 0.051743 seconds 
  Import took 0.100546 seconds .

========================================================================
Received Import Request.
  Time since last request: 5.017239 seconds.
  path: Assets/Characters/Don Juan/Anim/Animation/Weapon.controller
  artifactKey: Guid(8beb9d88c8ecb97438659344634afa55) Importer(815301076,1909f56bfc062723c751e8b465ee728b)
Start importing Assets/Characters/Don Juan/Anim/Animation/Weapon.controller using Guid(8beb9d88c8ecb97438659344634afa55) Importer(815301076,1909f56bfc062723c751e8b465ee728b)  -> (artifact id: '6919e2dddc58aa6129b55a5f77e45b99') in 0.033354 seconds 
  Import took 0.071757 seconds .

========================================================================
Received Import Request.
  Time since last request: 372.785089 seconds.
  path: Assets/Characters/Don Juan/Anim/Animation/WeaponA.anim
  artifactKey: Guid(0b776f15cafbadc4ba73cb5cf81440c7) Importer(815301076,1909f56bfc062723c751e8b465ee728b)
Start importing Assets/Characters/Don Juan/Anim/Animation/WeaponA.anim using Guid(0b776f15cafbadc4ba73cb5cf81440c7) Importer(815301076,1909f56bfc062723c751e8b465ee728b)  -> (artifact id: 'ab84fc87b4be067c1bca72a8524918a2') in 0.020354 seconds 
  Import took 0.079146 seconds .

========================================================================
Received Import Request.
  Time since last request: 668.573718 seconds.
  path: Assets/Characters/Don Juan/Anim/Animation/Attack.anim
  artifactKey: Guid(37e9bb0884a10a64fbf4535bfc4d712c) Importer(815301076,1909f56bfc062723c751e8b465ee728b)
Start importing Assets/Characters/Don Juan/Anim/Animation/Attack.anim using Guid(37e9bb0884a10a64fbf4535bfc4d712c) Importer(815301076,1909f56bfc062723c751e8b465ee728b)  -> (artifact id: 'cd30e4ac15c1eff5fd90315a9fea33d4') in 0.010276 seconds 
  Import took 0.045767 seconds .

========================================================================
Received Import Request.
  Time since last request: 0.072196 seconds.
  path: Assets/Characters/Don Juan/Anim/Animation/Attack.anim
  artifactKey: Guid(37e9bb0884a10a64fbf4535bfc4d712c) Importer(815301076,1909f56bfc062723c751e8b465ee728b)
Start importing Assets/Characters/Don Juan/Anim/Animation/Attack.anim using Guid(37e9bb0884a10a64fbf4535bfc4d712c) Importer(815301076,1909f56bfc062723c751e8b465ee728b)  -> (artifact id: 'cd30e4ac15c1eff5fd90315a9fea33d4') in 0.011973 seconds 
  Import took 0.037610 seconds .

========================================================================
Received Import Request.
  Time since last request: 14.371763 seconds.
  path: Assets/Characters/Don Juan/DonJuan.prefab
  artifactKey: Guid(b30c7baf10b5887418e9d691e427b30d) Importer(815301076,1909f56bfc062723c751e8b465ee728b)
Start importing Assets/Characters/Don Juan/DonJuan.prefab using Guid(b30c7baf10b5887418e9d691e427b30d) Importer(815301076,1909f56bfc062723c751e8b465ee728b)  -> (artifact id: '95d78ae7b7a0801b8516bc93347b1f80') in 0.133792 seconds 
  Import took 0.156667 seconds .

========================================================================
Received Import Request.
  Time since last request: 2.705236 seconds.
  path: Assets/Characters/Don Juan/Anim/playerAnim.controller
  artifactKey: Guid(79e318d1fe30f94458868308d2d564eb) Importer(815301076,1909f56bfc062723c751e8b465ee728b)
Start importing Assets/Characters/Don Juan/Anim/playerAnim.controller using Guid(79e318d1fe30f94458868308d2d564eb) Importer(815301076,1909f56bfc062723c751e8b465ee728b)  -> (artifact id: '3900ce5c335da3e516e7947b18c1afa4') in 0.013914 seconds 
  Import took 0.032856 seconds .

========================================================================
Received Import Request.
  Time since last request: 106.969595 seconds.
  path: Assets/Characters/Don Juan/DonJuan.prefab
  artifactKey: Guid(b30c7baf10b5887418e9d691e427b30d) Importer(815301076,1909f56bfc062723c751e8b465ee728b)
Start importing Assets/Characters/Don Juan/DonJuan.prefab using Guid(b30c7baf10b5887418e9d691e427b30d) Importer(815301076,1909f56bfc062723c751e8b465ee728b)  -> (artifact id: 'ecbbced5d599b97ba2f565650ba88614') in 0.158054 seconds 
  Import took 0.202092 seconds .

========================================================================
Received Import Request.
  Time since last request: 7.861779 seconds.
  path: Assets/Characters/Don Juan/DonJuan.prefab
  artifactKey: Guid(b30c7baf10b5887418e9d691e427b30d) Importer(815301076,1909f56bfc062723c751e8b465ee728b)
Start importing Assets/Characters/Don Juan/DonJuan.prefab using Guid(b30c7baf10b5887418e9d691e427b30d) Importer(815301076,1909f56bfc062723c751e8b465ee728b)  -> (artifact id: 'eab14ef0a2b18cff24e041e507cc44c0') in 0.146332 seconds 
  Import took 0.173546 seconds .

========================================================================
Received Import Request.
  Time since last request: 4.217757 seconds.
  path: Assets/Characters/Don Juan/DonJuan.prefab
  artifactKey: Guid(b30c7baf10b5887418e9d691e427b30d) Importer(815301076,1909f56bfc062723c751e8b465ee728b)
Start importing Assets/Characters/Don Juan/DonJuan.prefab using Guid(b30c7baf10b5887418e9d691e427b30d) Importer(815301076,1909f56bfc062723c751e8b465ee728b)  -> (artifact id: 'cfa8a6b5f33e60af5122ce9d36b54dd7') in 0.118415 seconds 
  Import took 0.143264 seconds .

========================================================================
Received Import Request.
  Time since last request: 0.013005 seconds.
  path: Assets/Characters/Don Juan/DonJuan.prefab
  artifactKey: Guid(b30c7baf10b5887418e9d691e427b30d) Importer(815301076,1909f56bfc062723c751e8b465ee728b)
Start importing Assets/Characters/Don Juan/DonJuan.prefab using Guid(b30c7baf10b5887418e9d691e427b30d) Importer(815301076,1909f56bfc062723c751e8b465ee728b)  -> (artifact id: 'cfa8a6b5f33e60af5122ce9d36b54dd7') in 0.123143 seconds 
  Import took 0.162523 seconds .

========================================================================
Received Import Request.
  Time since last request: 420.758547 seconds.
  path: Assets/Characters/Don Juan
  artifactKey: Guid(e5f0e1f087280d6438d7df189571e2eb) Importer(815301076,1909f56bfc062723c751e8b465ee728b)
Start importing Assets/Characters/Don Juan using Guid(e5f0e1f087280d6438d7df189571e2eb) Importer(815301076,1909f56bfc062723c751e8b465ee728b)  -> (artifact id: '202fabcd1153f385454c96941c270f15') in 0.028192 seconds 
  Import took 0.067689 seconds .

========================================================================
Received Import Request.
  Time since last request: 77.493081 seconds.
  path: Assets/Characters/Don Juan
  artifactKey: Guid(e5f0e1f087280d6438d7df189571e2eb) Importer(815301076,1909f56bfc062723c751e8b465ee728b)
Start importing Assets/Characters/Don Juan using Guid(e5f0e1f087280d6438d7df189571e2eb) Importer(815301076,1909f56bfc062723c751e8b465ee728b)  -> (artifact id: '202fabcd1153f385454c96941c270f15') in 0.005822 seconds 
  Import took 0.090360 seconds .

========================================================================
Received Prepare
Registering precompiled user dll's ...
Registered in 0.020756 seconds.
Begin MonoManager ReloadAssembly
Native extension for WindowsStandalone target not found
Refreshing native plugins compatible for Editor in 3.65 ms, found 2 plugins.
Preloading 0 native plugins for Editor in 0.00 ms.
Mono: successfully reloaded assembly
- Completed reload, in  7.330 seconds
Domain Reload Profiling:
	ReloadAssembly (7332ms)
		BeginReloadAssembly (1138ms)
			ExecutionOrderSort (0ms)
			DisableScriptedObjects (167ms)
			BackupInstance (0ms)
			ReleaseScriptingObjects (1ms)
			CreateAndSetChildDomain (376ms)
		EndReloadAssembly (5806ms)
			LoadAssemblies (557ms)
			RebuildTransferFunctionScriptingTraits (0ms)
			SetupTypeCache (2216ms)
			ReleaseScriptCaches (4ms)
			RebuildScriptCaches (297ms)
			SetupLoadedEditorAssemblies (1744ms)
				LogAssemblyErrors (0ms)
				InitializePlatformSupportModulesInManaged (14ms)
				SetLoadedEditorAssemblies (2ms)
				RefreshPlugins (4ms)
				BeforeProcessingInitializeOnLoad (372ms)
				ProcessInitializeOnLoadAttributes (1292ms)
				ProcessInitializeOnLoadMethodAttributes (45ms)
				AfterProcessingInitializeOnLoad (14ms)
				EditorAssembliesLoaded (1ms)
			ExecutionOrderSort2 (0ms)
			AwakeInstancesAfterBackupRestoration (54ms)
Platform modules already initialized, skipping
Refreshing native plugins compatible for Editor in 2.24 ms, found 2 plugins.
Preloading 0 native plugins for Editor in 0.00 ms.
Unloading 3818 Unused Serialized files (Serialized files now loaded: 0)
System memory in use before: 236.1 MB.
System memory in use after: 236.4 MB.

Unloading 14 unused Assets to reduce memory usage. Loaded Objects now: 4730.
Total: 16.911400 ms (FindLiveObjects: 2.365300 ms CreateObjectMapping: 0.827100 ms MarkObjects: 13.659600 ms  DeleteObjects: 0.052200 ms)

AssetImportParameters requested are different than current active one (requested -> active):
  custom:framework-win-MediaFoundation: 216162199b28c13a410421893ffa2e32 -> 
  custom:video-decoder-ogg-theora: a1e56fd34408186e4bbccfd4996cb3dc -> 
  custom:container-muxer-webm: aa71ff27fc2769a1b78a27578f13a17b -> 
  custom:container-demuxer-webm: 4f35f7cbe854078d1ac9338744f61a02 -> 
  custom:container-demuxer-ogg: 62fdf1f143b41e24485cea50d1cbac27 -> 
  custom:video-encoder-webm-vp8: eb34c28f22e8b96e1ab97ce403110664 -> 
  custom:video-decoder-webm-vp8: 9c59270c3fd7afecdb556c50c9e8de78 -> 
  custom:audio-decoder-ogg-vorbis: bf7c407c2cedff20999df2af8eb42d56 -> 
  custom:audio-encoder-webm-vorbis: bf7c407c2cedff20999df2af8eb42d56 -> 
========================================================================
Received Import Request.
  Time since last request: 196.433949 seconds.
  path: Assets/Characters/Don Juan/DonJuan.prefab
  artifactKey: Guid(b30c7baf10b5887418e9d691e427b30d) Importer(815301076,1909f56bfc062723c751e8b465ee728b)
Start importing Assets/Characters/Don Juan/DonJuan.prefab using Guid(b30c7baf10b5887418e9d691e427b30d) Importer(815301076,1909f56bfc062723c751e8b465ee728b)  -> (artifact id: 'bf5e53a4fcd2c189b698217238a6ee14') in 2.312359 seconds 
  Import took 2.338684 seconds .

========================================================================
Received Prepare
Registering precompiled user dll's ...
Registered in 0.017188 seconds.
Begin MonoManager ReloadAssembly
Native extension for WindowsStandalone target not found
Refreshing native plugins compatible for Editor in 2.50 ms, found 2 plugins.
Preloading 0 native plugins for Editor in 0.00 ms.
Mono: successfully reloaded assembly
- Completed reload, in  6.670 seconds
Domain Reload Profiling:
	ReloadAssembly (6672ms)
		BeginReloadAssembly (647ms)
			ExecutionOrderSort (0ms)
			DisableScriptedObjects (167ms)
			BackupInstance (0ms)
			ReleaseScriptingObjects (0ms)
			CreateAndSetChildDomain (185ms)
		EndReloadAssembly (5753ms)
			LoadAssemblies (463ms)
			RebuildTransferFunctionScriptingTraits (0ms)
			SetupTypeCache (1898ms)
			ReleaseScriptCaches (10ms)
			RebuildScriptCaches (288ms)
			SetupLoadedEditorAssemblies (2034ms)
				LogAssemblyErrors (0ms)
				InitializePlatformSupportModulesInManaged (26ms)
				SetLoadedEditorAssemblies (3ms)
				RefreshPlugins (3ms)
				BeforeProcessingInitializeOnLoad (366ms)
				ProcessInitializeOnLoadAttributes (1533ms)
				ProcessInitializeOnLoadMethodAttributes (83ms)
				AfterProcessingInitializeOnLoad (20ms)
				EditorAssembliesLoaded (1ms)
			ExecutionOrderSort2 (0ms)
			AwakeInstancesAfterBackupRestoration (153ms)
Platform modules already initialized, skipping
Refreshing native plugins compatible for Editor in 2.73 ms, found 2 plugins.
Preloading 0 native plugins for Editor in 0.00 ms.
Unloading 3804 Unused Serialized files (Serialized files now loaded: 0)
System memory in use before: 235.9 MB.
System memory in use after: 236.1 MB.

Unloading 14 unused Assets to reduce memory usage. Loaded Objects now: 4833.
Total: 12.978000 ms (FindLiveObjects: 0.888900 ms CreateObjectMapping: 1.063800 ms MarkObjects: 10.977300 ms  DeleteObjects: 0.045100 ms)

AssetImportParameters requested are different than current active one (requested -> active):
  custom:framework-win-MediaFoundation: 216162199b28c13a410421893ffa2e32 -> 
  custom:video-decoder-ogg-theora: a1e56fd34408186e4bbccfd4996cb3dc -> 
  custom:container-muxer-webm: aa71ff27fc2769a1b78a27578f13a17b -> 
  custom:container-demuxer-webm: 4f35f7cbe854078d1ac9338744f61a02 -> 
  custom:container-demuxer-ogg: 62fdf1f143b41e24485cea50d1cbac27 -> 
  custom:video-encoder-webm-vp8: eb34c28f22e8b96e1ab97ce403110664 -> 
  custom:video-decoder-webm-vp8: 9c59270c3fd7afecdb556c50c9e8de78 -> 
  custom:audio-decoder-ogg-vorbis: bf7c407c2cedff20999df2af8eb42d56 -> 
  custom:audio-encoder-webm-vorbis: bf7c407c2cedff20999df2af8eb42d56 -> 
========================================================================
Received Import Request.
  Time since last request: 249.917080 seconds.
  path: Assets/Characters/Don Juan/DonJuan.prefab
  artifactKey: Guid(b30c7baf10b5887418e9d691e427b30d) Importer(815301076,1909f56bfc062723c751e8b465ee728b)
Start importing Assets/Characters/Don Juan/DonJuan.prefab using Guid(b30c7baf10b5887418e9d691e427b30d) Importer(815301076,1909f56bfc062723c751e8b465ee728b)  -> (artifact id: '7294145e5520f55f2e70934acf766b2e') in 2.621042 seconds 
  Import took 2.646705 seconds .

========================================================================
Received Import Request.
  Time since last request: 296.799552 seconds.
  path: Assets/Characters/Don Juan/DonJuan.prefab
  artifactKey: Guid(b30c7baf10b5887418e9d691e427b30d) Importer(815301076,1909f56bfc062723c751e8b465ee728b)
Start importing Assets/Characters/Don Juan/DonJuan.prefab using Guid(b30c7baf10b5887418e9d691e427b30d) Importer(815301076,1909f56bfc062723c751e8b465ee728b)  -> (artifact id: '01a9e8cb50fdf4e66ed371e4bc496077') in 0.267963 seconds 
  Import took 0.308523 seconds .

========================================================================
Received Import Request.
  Time since last request: 47.424222 seconds.
  path: Assets/Characters/Don Juan/DonJuan.prefab
  artifactKey: Guid(b30c7baf10b5887418e9d691e427b30d) Importer(815301076,1909f56bfc062723c751e8b465ee728b)
Start importing Assets/Characters/Don Juan/DonJuan.prefab using Guid(b30c7baf10b5887418e9d691e427b30d) Importer(815301076,1909f56bfc062723c751e8b465ee728b)  -> (artifact id: '78709144f54bf53e5bce9f9220f5728c') in 0.351204 seconds 
  Import took 0.448485 seconds .

========================================================================
Received Import Request.
  Time since last request: 5.967743 seconds.
  path: Assets/Characters/Don Juan/DonJuan.prefab
  artifactKey: Guid(b30c7baf10b5887418e9d691e427b30d) Importer(815301076,1909f56bfc062723c751e8b465ee728b)
Start importing Assets/Characters/Don Juan/DonJuan.prefab using Guid(b30c7baf10b5887418e9d691e427b30d) Importer(815301076,1909f56bfc062723c751e8b465ee728b)  -> (artifact id: '2240338d2e634da8e3ca5c48e3ac05d6') in 0.435089 seconds 
  Import took 0.490605 seconds .

========================================================================
Received Import Request.
  Time since last request: 13.138712 seconds.
  path: Assets/Characters/Don Juan/DonJuan.prefab
  artifactKey: Guid(b30c7baf10b5887418e9d691e427b30d) Importer(815301076,1909f56bfc062723c751e8b465ee728b)
Start importing Assets/Characters/Don Juan/DonJuan.prefab using Guid(b30c7baf10b5887418e9d691e427b30d) Importer(815301076,1909f56bfc062723c751e8b465ee728b)  -> (artifact id: 'abea6530284ad7e4cc26e82be93a50c3') in 0.243798 seconds 
  Import took 0.271116 seconds .

========================================================================
Received Import Request.
  Time since last request: 5.453552 seconds.
  path: Assets/Characters/Don Juan/DonJuan.prefab
  artifactKey: Guid(b30c7baf10b5887418e9d691e427b30d) Importer(815301076,1909f56bfc062723c751e8b465ee728b)
Start importing Assets/Characters/Don Juan/DonJuan.prefab using Guid(b30c7baf10b5887418e9d691e427b30d) Importer(815301076,1909f56bfc062723c751e8b465ee728b)  -> (artifact id: 'bddab070ab32c205a92f01885dc83ad7') in 0.340071 seconds 
  Import took 0.407043 seconds .

========================================================================
Received Import Request.
  Time since last request: 25.287671 seconds.
  path: Assets/Dialogues/VIDE/Data/Editor/db.prefab
  artifactKey: Guid(2d3f9fc38e33ee64e8da93a7bc7899d8) Importer(815301076,1909f56bfc062723c751e8b465ee728b)
Start importing Assets/Dialogues/VIDE/Data/Editor/db.prefab using Guid(2d3f9fc38e33ee64e8da93a7bc7899d8) Importer(815301076,1909f56bfc062723c751e8b465ee728b)  -> (artifact id: 'ddb042f7eff518046e3099517a824909') in 0.204977 seconds 
  Import took 0.253982 seconds .

AssetImportWorkerClient::OnTransportError - code=2 error=End of file
